#
# There is insufficient memory for the Java Runtime Environment to continue.
# Native memory allocation (mmap) failed to map 53477376 bytes for Failed to commit area from 0x0000000712a00000 to 0x0000000715d00000 of length 53477376.
# Possible reasons:
#   The system is out of physical RAM or swap space
#   The process is running with CompressedOops enabled, and the Java Heap may be blocking the growth of the native heap
# Possible solutions:
#   Reduce memory load on the system
#   Increase physical memory or swap space
#   Check if swap backing store is full
#   Decrease Java heap size (-Xmx/-Xms)
#   Decrease number of Java threads
#   Decrease Java thread stack sizes (-Xss)
#   Set larger code cache with -XX:ReservedCodeCacheSize=
#   JVM is running with Zero Based Compressed Oops mode in which the Java heap is
#     placed in the first 32GB address space. The Java Heap base address is the
#     maximum limit for the native heap growth. Please use -XX:HeapBaseMinAddress
#     to set the Java Heap base and to place the Java Heap above 32GB virtual address.
# This output file may be truncated or incomplete.
#
#  Out of Memory Error (t:/workspace/open/src/hotspot/os/windows/os_windows.cpp:3271), pid=22412, tid=14044
#
# JRE version: Java(TM) SE Runtime Environment (11.0.6+8) (build 11.0.6+8-LTS)
# Java VM: Java HotSpot(TM) 64-Bit Server VM (11.0.6+8-LTS, mixed mode, tiered, compressed oops, g1 gc, windows-amd64)
# No core dump will be written. Minidumps are not enabled by default on client versions of Windows
#

---------------  S U M M A R Y ------------

Command Line: -XX:TieredStopAtLevel=1 -Xverify:none -Dspring.output.ansi.enabled=always -javaagent:D:\Program Files\JetBrains\IntelliJ IDEA 2021.1.1\lib\idea_rt.jar=56666:D:\Program Files\JetBrains\IntelliJ IDEA 2021.1.1\bin -Dcom.sun.management.jmxremote -Dspring.jmx.enabled=true -Dspring.liveBeansView.mbeanDomain -Dspring.application.admin.enabled=true -Dfile.encoding=UTF-8 com.qixuan.api.ApiApplication

Host: Intel(R) Core(TM) i7-10510U CPU @ 1.80GHz, 8 cores, 15G,  Windows 10 , 64 bit Build 19041 (10.0.19041.1466)
Time: Wed Feb 16 13:11:11 2022 中国标准时间 elapsed time: 32 seconds (0d 0h 0m 32s)

---------------  T H R E A D  ---------------

Current thread (0x000001e067762000):  VMThread "VM Thread" [stack: 0x0000001f7e200000,0x0000001f7e300000] [id=14044]

Stack: [0x0000001f7e200000,0x0000001f7e300000]
[error occurred during error reporting (printing stack bounds), id 0xc0000005, EXCEPTION_ACCESS_VIOLATION (0xc0000005) at pc=0x000001e04b9b0bad]

Native frames: (J=compiled Java code, j=interpreted, Vv=VM code, C=native code)
V  [jvm.dll+0x63679a]
V  [jvm.dll+0x7755bf]
V  [jvm.dll+0x776c65]
V  [jvm.dll+0x777235]
V  [jvm.dll+0x7771eb]
V  [jvm.dll+0x635e96]
V  [jvm.dll+0x636268]
C  [ntdll.dll+0xa20cf]
C  [ntdll.dll+0x51454]
C  [ntdll.dll+0xa0bfe]
C  0x000001e04b9b0bad

VM_Operation (0x0000001f002fe5e0): G1CollectForAllocation, mode: safepoint, requested by thread 0x000001e0696b4800


---------------  P R O C E S S  ---------------

Threads class SMR info:
_java_thread_list=0x000001e06b09cb90, length=22, elements={
0x000001e043623000, 0x000001e06778a800, 0x000001e067795800, 0x000001e06780a800,
0x000001e06780e800, 0x000001e067811000, 0x000001e067816000, 0x000001e067760800,
0x000001e067e86800, 0x000001e067e89000, 0x000001e067fdc800, 0x000001e068de6000,
0x000001e069224000, 0x000001e0690ec000, 0x000001e069494800, 0x000001e069495800,
0x000001e067962000, 0x000001e067963000, 0x000001e069497000, 0x000001e0696b5000,
0x000001e0696b6000, 0x000001e0696b4800
}

Java Threads: ( => current thread )
  0x000001e043623000 JavaThread "main" [_thread_blocked, id=20056, stack(0x0000001f7dc00000,0x0000001f7dd00000)]
  0x000001e06778a800 JavaThread "Reference Handler" daemon [_thread_blocked, id=20008, stack(0x0000001f7e300000,0x0000001f7e400000)]
  0x000001e067795800 JavaThread "Finalizer" daemon [_thread_blocked, id=15660, stack(0x0000001f7e400000,0x0000001f7e500000)]
  0x000001e06780a800 JavaThread "Signal Dispatcher" daemon [_thread_blocked, id=20560, stack(0x0000001f7e500000,0x0000001f7e600000)]
  0x000001e06780e800 JavaThread "Attach Listener" daemon [_thread_blocked, id=13908, stack(0x0000001f7e600000,0x0000001f7e700000)]
  0x000001e067811000 JavaThread "C1 CompilerThread0" daemon [_thread_blocked, id=18368, stack(0x0000001f7e700000,0x0000001f7e800000)]
  0x000001e067816000 JavaThread "Sweeper thread" daemon [_thread_blocked, id=14904, stack(0x0000001f7e800000,0x0000001f7e900000)]
  0x000001e067760800 JavaThread "Common-Cleaner" daemon [_thread_blocked, id=26728, stack(0x0000001f7e900000,0x0000001f7ea00000)]
  0x000001e067e86800 JavaThread "Monitor Ctrl-Break" daemon [_thread_in_native, id=4920, stack(0x0000001f7ea00000,0x0000001f7eb00000)]
  0x000001e067e89000 JavaThread "Service Thread" daemon [_thread_blocked, id=20288, stack(0x0000001f7eb00000,0x0000001f7ec00000)]
  0x000001e067fdc800 JavaThread "RMI TCP Accept-0" daemon [_thread_in_native, id=25548, stack(0x0000001f7ec00000,0x0000001f7ed00000)]
  0x000001e068de6000 JavaThread "logback-1" daemon [_thread_blocked, id=21252, stack(0x0000001f7f400000,0x0000001f7f500000)]
  0x000001e069224000 JavaThread "RMI TCP Connection(2)-172.27.64.1" daemon [_thread_in_native, id=22628, stack(0x0000001f7f700000,0x0000001f7f800000)]
  0x000001e0690ec000 JavaThread "RMI Scheduler(0)" daemon [_thread_blocked, id=16604, stack(0x0000001f7f800000,0x0000001f7f900000)]
  0x000001e069494800 JavaThread "cluster-ClusterId{value='620c87510963c478d10632c2', description='null'}-127.0.0.1:24001" daemon [_thread_blocked, id=16452, stack(0x0000001f7f600000,0x0000001f7f700000)]
  0x000001e069495800 JavaThread "cluster-rtt-ClusterId{value='620c87510963c478d10632c2', description='null'}-127.0.0.1:24001" daemon [_thread_blocked, id=1936, stack(0x0000001f7f900000,0x0000001f7fa00000)]
  0x000001e067962000 JavaThread "cluster-ClusterId{value='620c87510963c478d10632c2', description='null'}-127.0.0.1:24002" daemon [_thread_blocked, id=14856, stack(0x0000001f7fa00000,0x0000001f7fb00000)]
  0x000001e067963000 JavaThread "cluster-rtt-ClusterId{value='620c87510963c478d10632c2', description='null'}-127.0.0.1:24002" daemon [_thread_blocked, id=21100, stack(0x0000001f7fb00000,0x0000001f7fc00000)]
  0x000001e069497000 JavaThread "cluster-ClusterId{value='620c87510963c478d10632c2', description='null'}-127.0.0.1:24003" daemon [_thread_blocked, id=15112, stack(0x0000001f7fc00000,0x0000001f7fd00000)]
  0x000001e0696b5000 JavaThread "cluster-rtt-ClusterId{value='620c87510963c478d10632c2', description='null'}-127.0.0.1:24003" daemon [_thread_blocked, id=24808, stack(0x0000001f7fd00000,0x0000001f7fe00000)]
  0x000001e0696b6000 JavaThread "RMI TCP Connection(3)-172.27.64.1" daemon [_thread_in_native, id=4768, stack(0x0000001f00100000,0x0000001f00200000)]
  0x000001e0696b4800 JavaThread "JMX server connection timeout 89" daemon [_thread_blocked, id=15104, stack(0x0000001f00200000,0x0000001f00300000)]

Other Threads:
=>0x000001e067762000 VMThread "VM Thread" [stack: 0x0000001f7e200000,0x0000001f7e300000] [id=14044]
  0x000001e067fca800 WatcherThread [stack: 0x0000001f7ed00000,0x0000001f7ee00000] [id=16172]
  0x000001e04363b000 GCTaskThread "GC Thread#0" [stack: 0x0000001f7dd00000,0x0000001f7de00000] [id=16308]
  0x000001e068ba3000 GCTaskThread "GC Thread#1" [stack: 0x0000001f7ee00000,0x0000001f7ef00000] [id=5940]
  0x000001e068bad800 GCTaskThread "GC Thread#2" [stack: 0x0000001f7ef00000,0x0000001f7f000000] [id=24632]
  0x000001e068b9d000 GCTaskThread "GC Thread#3" [stack: 0x0000001f7f000000,0x0000001f7f100000] [id=22268]
  0x000001e068b9d800 GCTaskThread "GC Thread#4" [stack: 0x0000001f7f100000,0x0000001f7f200000] [id=27372]
  0x000001e068bb9800 GCTaskThread "GC Thread#5" [stack: 0x0000001f7f200000,0x0000001f7f300000] [id=12996]
  0x000001e043697800 ConcurrentGCThread "G1 Main Marker" [stack: 0x0000001f7de00000,0x0000001f7df00000] [id=11624]
  0x000001e043699000 ConcurrentGCThread "G1 Conc#0" [stack: 0x0000001f7df00000,0x0000001f7e000000] [id=19964]
  0x000001e068d36800 ConcurrentGCThread "G1 Conc#1" [stack: 0x0000001f7f500000,0x0000001f7f600000] [id=3748]
  0x000001e066dc8000 ConcurrentGCThread "G1 Refine#0" [stack: 0x0000001f7e000000,0x0000001f7e100000] [id=13576]
  0x000001e067c9b800 ConcurrentGCThread "G1 Refine#1" [stack: 0x0000001f7f300000,0x0000001f7f400000] [id=21440]
  0x000001e066dc9800 ConcurrentGCThread "G1 Young RemSet Sampling" [stack: 0x0000001f7e100000,0x0000001f7e200000] [id=14844]

Threads with active compile tasks:
C1 CompilerThread05206       1       java.io.ObjectStreamClass$FieldReflector::getPrimFieldValues (317 bytes)

VM state:at safepoint (normal execution)

VM Mutex/Monitor currently owned by a thread:  ([mutex/lock_event])
[0x000001e0436205a0] Threads_lock - owner thread: 0x000001e067762000
[0x000001e043620fc0] Heap_lock - owner thread: 0x000001e0696b4800

Heap address: 0x0000000702c00000, size: 4052 MB, Compressed Oops mode: Zero based, Oop shift amount: 3
Narrow klass base: 0x0000000800000000, Narrow klass shift: 0
Compressed class space size: 1073741824 Address: 0x0000000800000000

Heap:
 garbage-first heap   total 312320K, used 24868K [0x0000000702c00000, 0x0000000800000000)
  region size 1024K, 15 young (15360K), 15 survivors (15360K)
 Metaspace       used 47191K, capacity 48761K, committed 48976K, reserved 1091584K
  class space    used 6121K, capacity 6754K, committed 6816K, reserved 1048576K
Heap Regions: E=young(eden), S=young(survivor), O=old, HS=humongous(starts), HC=humongous(continues), CS=collection set, F=free, A=archive, TAMS=top-at-mark-start (previous, next)
|   0|0x0000000702c00000, 0x0000000702d00000, 0x0000000702d00000|100%|HS|  |TAMS 0x0000000702d00000, 0x0000000702c00000| Complete 
|   1|0x0000000702d00000, 0x0000000702e00000, 0x0000000702e00000|100%| O|  |TAMS 0x0000000702e00000, 0x0000000702d00000| Untracked 
|   2|0x0000000702e00000, 0x0000000702f00000, 0x0000000702f00000|100%| O|  |TAMS 0x0000000702f00000, 0x0000000702e00000| Untracked 
|   3|0x0000000702f00000, 0x0000000703000000, 0x0000000703000000|100%| O|  |TAMS 0x0000000703000000, 0x0000000702f00000| Untracked 
|   4|0x0000000703000000, 0x0000000703100000, 0x0000000703100000|100%| O|  |TAMS 0x0000000703100000, 0x0000000703000000| Untracked 
|   5|0x0000000703100000, 0x0000000703200000, 0x0000000703200000|100%| O|  |TAMS 0x0000000703200000, 0x0000000703100000| Untracked 
|   6|0x0000000703200000, 0x0000000703300000, 0x0000000703300000|100%| O|  |TAMS 0x0000000703300000, 0x0000000703200000| Untracked 
|   7|0x0000000703300000, 0x0000000703400000, 0x0000000703400000|100%| O|  |TAMS 0x0000000703400000, 0x0000000703300000| Untracked 
|   8|0x0000000703400000, 0x0000000703500000, 0x0000000703500000|100%| O|  |TAMS 0x0000000703500000, 0x0000000703400000| Untracked 
|   9|0x0000000703500000, 0x0000000703549200, 0x0000000703600000| 28%| O|  |TAMS 0x0000000703549200, 0x0000000703500000| Untracked 
|  10|0x0000000703600000, 0x0000000703600000, 0x0000000703700000|  0%| F|  |TAMS 0x0000000703600000, 0x0000000703600000| Untracked 
|  11|0x0000000703700000, 0x0000000703700000, 0x0000000703800000|  0%| F|  |TAMS 0x0000000703700000, 0x0000000703700000| Untracked 
|  12|0x0000000703800000, 0x0000000703800000, 0x0000000703900000|  0%| F|  |TAMS 0x0000000703800000, 0x0000000703800000| Untracked 
|  13|0x0000000703900000, 0x0000000703900000, 0x0000000703a00000|  0%| F|  |TAMS 0x0000000703900000, 0x0000000703900000| Untracked 
|  14|0x0000000703a00000, 0x0000000703a00000, 0x0000000703b00000|  0%| F|  |TAMS 0x0000000703a00000, 0x0000000703a00000| Untracked 
|  15|0x0000000703b00000, 0x0000000703b00000, 0x0000000703c00000|  0%| F|  |TAMS 0x0000000703b00000, 0x0000000703b00000| Untracked 
|  16|0x0000000703c00000, 0x0000000703c00000, 0x0000000703d00000|  0%| F|  |TAMS 0x0000000703c00000, 0x0000000703c00000| Untracked 
|  17|0x0000000703d00000, 0x0000000703d00000, 0x0000000703e00000|  0%| F|  |TAMS 0x0000000703d00000, 0x0000000703d00000| Untracked 
|  18|0x0000000703e00000, 0x0000000703e00000, 0x0000000703f00000|  0%| F|  |TAMS 0x0000000703e00000, 0x0000000703e00000| Untracked 
|  19|0x0000000703f00000, 0x0000000703f00000, 0x0000000704000000|  0%| F|  |TAMS 0x0000000703f00000, 0x0000000703f00000| Untracked 
|  20|0x0000000704000000, 0x0000000704000000, 0x0000000704100000|  0%| F|  |TAMS 0x0000000704000000, 0x0000000704000000| Untracked 
|  21|0x0000000704100000, 0x0000000704100000, 0x0000000704200000|  0%| F|  |TAMS 0x0000000704100000, 0x0000000704100000| Untracked 
|  22|0x0000000704200000, 0x0000000704200000, 0x0000000704300000|  0%| F|  |TAMS 0x0000000704200000, 0x0000000704200000| Untracked 
|  23|0x0000000704300000, 0x0000000704300000, 0x0000000704400000|  0%| F|  |TAMS 0x0000000704300000, 0x0000000704300000| Untracked 
|  24|0x0000000704400000, 0x0000000704400000, 0x0000000704500000|  0%| F|  |TAMS 0x0000000704400000, 0x0000000704400000| Untracked 
|  25|0x0000000704500000, 0x0000000704500000, 0x0000000704600000|  0%| F|  |TAMS 0x0000000704500000, 0x0000000704500000| Untracked 
|  26|0x0000000704600000, 0x0000000704600000, 0x0000000704700000|  0%| F|  |TAMS 0x0000000704600000, 0x0000000704600000| Untracked 
|  27|0x0000000704700000, 0x0000000704700000, 0x0000000704800000|  0%| F|  |TAMS 0x0000000704700000, 0x0000000704700000| Untracked 
|  28|0x0000000704800000, 0x0000000704800000, 0x0000000704900000|  0%| F|  |TAMS 0x0000000704800000, 0x0000000704800000| Untracked 
|  29|0x0000000704900000, 0x0000000704900000, 0x0000000704a00000|  0%| F|  |TAMS 0x0000000704900000, 0x0000000704900000| Untracked 
|  30|0x0000000704a00000, 0x0000000704a00000, 0x0000000704b00000|  0%| F|  |TAMS 0x0000000704a00000, 0x0000000704a00000| Untracked 
|  31|0x0000000704b00000, 0x0000000704b00000, 0x0000000704c00000|  0%| F|  |TAMS 0x0000000704b00000, 0x0000000704b00000| Untracked 
|  32|0x0000000704c00000, 0x0000000704c00000, 0x0000000704d00000|  0%| F|  |TAMS 0x0000000704c00000, 0x0000000704c00000| Untracked 
|  33|0x0000000704d00000, 0x0000000704d00000, 0x0000000704e00000|  0%| F|  |TAMS 0x0000000704d00000, 0x0000000704d00000| Untracked 
|  34|0x0000000704e00000, 0x0000000704e00000, 0x0000000704f00000|  0%| F|  |TAMS 0x0000000704e00000, 0x0000000704e00000| Untracked 
|  35|0x0000000704f00000, 0x0000000704f00000, 0x0000000705000000|  0%| F|  |TAMS 0x0000000704f00000, 0x0000000704f00000| Untracked 
|  36|0x0000000705000000, 0x0000000705000000, 0x0000000705100000|  0%| F|  |TAMS 0x0000000705000000, 0x0000000705000000| Untracked 
|  37|0x0000000705100000, 0x0000000705100000, 0x0000000705200000|  0%| F|  |TAMS 0x0000000705100000, 0x0000000705100000| Untracked 
|  38|0x0000000705200000, 0x0000000705200000, 0x0000000705300000|  0%| F|  |TAMS 0x0000000705200000, 0x0000000705200000| Untracked 
|  39|0x0000000705300000, 0x0000000705300000, 0x0000000705400000|  0%| F|  |TAMS 0x0000000705300000, 0x0000000705300000| Untracked 
|  40|0x0000000705400000, 0x0000000705400000, 0x0000000705500000|  0%| F|  |TAMS 0x0000000705400000, 0x0000000705400000| Untracked 
|  41|0x0000000705500000, 0x0000000705500000, 0x0000000705600000|  0%| F|  |TAMS 0x0000000705500000, 0x0000000705500000| Untracked 
|  42|0x0000000705600000, 0x0000000705600000, 0x0000000705700000|  0%| F|  |TAMS 0x0000000705600000, 0x0000000705600000| Untracked 
|  43|0x0000000705700000, 0x0000000705700000, 0x0000000705800000|  0%| F|  |TAMS 0x0000000705700000, 0x0000000705700000| Untracked 
|  44|0x0000000705800000, 0x0000000705800000, 0x0000000705900000|  0%| F|  |TAMS 0x0000000705800000, 0x0000000705800000| Untracked 
|  45|0x0000000705900000, 0x0000000705900000, 0x0000000705a00000|  0%| F|  |TAMS 0x0000000705900000, 0x0000000705900000| Untracked 
|  46|0x0000000705a00000, 0x0000000705a00000, 0x0000000705b00000|  0%| F|  |TAMS 0x0000000705a00000, 0x0000000705a00000| Untracked 
|  47|0x0000000705b00000, 0x0000000705b00000, 0x0000000705c00000|  0%| F|  |TAMS 0x0000000705b00000, 0x0000000705b00000| Untracked 
|  48|0x0000000705c00000, 0x0000000705c00000, 0x0000000705d00000|  0%| F|  |TAMS 0x0000000705c00000, 0x0000000705c00000| Untracked 
|  49|0x0000000705d00000, 0x0000000705d00000, 0x0000000705e00000|  0%| F|  |TAMS 0x0000000705d00000, 0x0000000705d00000| Untracked 
|  50|0x0000000705e00000, 0x0000000705e00000, 0x0000000705f00000|  0%| F|  |TAMS 0x0000000705e00000, 0x0000000705e00000| Untracked 
|  51|0x0000000705f00000, 0x0000000705f00000, 0x0000000706000000|  0%| F|  |TAMS 0x0000000705f00000, 0x0000000705f00000| Untracked 
|  52|0x0000000706000000, 0x0000000706000000, 0x0000000706100000|  0%| F|  |TAMS 0x0000000706000000, 0x0000000706000000| Untracked 
|  53|0x0000000706100000, 0x0000000706100000, 0x0000000706200000|  0%| F|  |TAMS 0x0000000706100000, 0x0000000706100000| Untracked 
|  54|0x0000000706200000, 0x0000000706200000, 0x0000000706300000|  0%| F|  |TAMS 0x0000000706200000, 0x0000000706200000| Untracked 
|  55|0x0000000706300000, 0x0000000706300000, 0x0000000706400000|  0%| F|  |TAMS 0x0000000706300000, 0x0000000706300000| Untracked 
|  56|0x0000000706400000, 0x0000000706400000, 0x0000000706500000|  0%| F|  |TAMS 0x0000000706400000, 0x0000000706400000| Untracked 
|  57|0x0000000706500000, 0x0000000706500000, 0x0000000706600000|  0%| F|  |TAMS 0x0000000706500000, 0x0000000706500000| Untracked 
|  58|0x0000000706600000, 0x0000000706600000, 0x0000000706700000|  0%| F|  |TAMS 0x0000000706600000, 0x0000000706600000| Untracked 
|  59|0x0000000706700000, 0x0000000706700000, 0x0000000706800000|  0%| F|  |TAMS 0x0000000706700000, 0x0000000706700000| Untracked 
|  60|0x0000000706800000, 0x0000000706800000, 0x0000000706900000|  0%| F|  |TAMS 0x0000000706800000, 0x0000000706800000| Untracked 
|  61|0x0000000706900000, 0x0000000706900000, 0x0000000706a00000|  0%| F|  |TAMS 0x0000000706900000, 0x0000000706900000| Untracked 
|  62|0x0000000706a00000, 0x0000000706a00000, 0x0000000706b00000|  0%| F|  |TAMS 0x0000000706a00000, 0x0000000706a00000| Untracked 
|  63|0x0000000706b00000, 0x0000000706b00000, 0x0000000706c00000|  0%| F|  |TAMS 0x0000000706b00000, 0x0000000706b00000| Untracked 
|  64|0x0000000706c00000, 0x0000000706c00000, 0x0000000706d00000|  0%| F|  |TAMS 0x0000000706c00000, 0x0000000706c00000| Untracked 
|  65|0x0000000706d00000, 0x0000000706d00000, 0x0000000706e00000|  0%| F|  |TAMS 0x0000000706d00000, 0x0000000706d00000| Untracked 
|  66|0x0000000706e00000, 0x0000000706e00000, 0x0000000706f00000|  0%| F|  |TAMS 0x0000000706e00000, 0x0000000706e00000| Untracked 
|  67|0x0000000706f00000, 0x0000000706f00000, 0x0000000707000000|  0%| F|  |TAMS 0x0000000706f00000, 0x0000000706f00000| Untracked 
|  68|0x0000000707000000, 0x0000000707000000, 0x0000000707100000|  0%| F|  |TAMS 0x0000000707000000, 0x0000000707000000| Untracked 
|  69|0x0000000707100000, 0x0000000707100000, 0x0000000707200000|  0%| F|  |TAMS 0x0000000707100000, 0x0000000707100000| Untracked 
|  70|0x0000000707200000, 0x0000000707200000, 0x0000000707300000|  0%| F|  |TAMS 0x0000000707200000, 0x0000000707200000| Untracked 
|  71|0x0000000707300000, 0x0000000707300000, 0x0000000707400000|  0%| F|  |TAMS 0x0000000707300000, 0x0000000707300000| Untracked 
|  72|0x0000000707400000, 0x0000000707400000, 0x0000000707500000|  0%| F|  |TAMS 0x0000000707400000, 0x0000000707400000| Untracked 
|  73|0x0000000707500000, 0x0000000707500000, 0x0000000707600000|  0%| F|  |TAMS 0x0000000707500000, 0x0000000707500000| Untracked 
|  74|0x0000000707600000, 0x0000000707600000, 0x0000000707700000|  0%| F|  |TAMS 0x0000000707600000, 0x0000000707600000| Untracked 
|  75|0x0000000707700000, 0x0000000707700000, 0x0000000707800000|  0%| F|  |TAMS 0x0000000707700000, 0x0000000707700000| Untracked 
|  76|0x0000000707800000, 0x0000000707800000, 0x0000000707900000|  0%| F|  |TAMS 0x0000000707800000, 0x0000000707800000| Untracked 
|  77|0x0000000707900000, 0x0000000707900000, 0x0000000707a00000|  0%| F|  |TAMS 0x0000000707900000, 0x0000000707900000| Untracked 
|  78|0x0000000707a00000, 0x0000000707a00000, 0x0000000707b00000|  0%| F|  |TAMS 0x0000000707a00000, 0x0000000707a00000| Untracked 
|  79|0x0000000707b00000, 0x0000000707b00000, 0x0000000707c00000|  0%| F|  |TAMS 0x0000000707b00000, 0x0000000707b00000| Untracked 
|  80|0x0000000707c00000, 0x0000000707c00000, 0x0000000707d00000|  0%| F|  |TAMS 0x0000000707c00000, 0x0000000707c00000| Untracked 
|  81|0x0000000707d00000, 0x0000000707d00000, 0x0000000707e00000|  0%| F|  |TAMS 0x0000000707d00000, 0x0000000707d00000| Untracked 
|  82|0x0000000707e00000, 0x0000000707e00000, 0x0000000707f00000|  0%| F|  |TAMS 0x0000000707e00000, 0x0000000707e00000| Untracked 
|  83|0x0000000707f00000, 0x0000000707f00000, 0x0000000708000000|  0%| F|  |TAMS 0x0000000707f00000, 0x0000000707f00000| Untracked 
|  84|0x0000000708000000, 0x0000000708000000, 0x0000000708100000|  0%| F|  |TAMS 0x0000000708000000, 0x0000000708000000| Untracked 
|  85|0x0000000708100000, 0x0000000708100000, 0x0000000708200000|  0%| F|  |TAMS 0x0000000708100000, 0x0000000708100000| Untracked 
|  86|0x0000000708200000, 0x0000000708200000, 0x0000000708300000|  0%| F|  |TAMS 0x0000000708200000, 0x0000000708200000| Untracked 
|  87|0x0000000708300000, 0x0000000708400000, 0x0000000708400000|100%| S|CS|TAMS 0x0000000708300000, 0x0000000708300000| Complete 
|  88|0x0000000708400000, 0x0000000708500000, 0x0000000708500000|100%| S|CS|TAMS 0x0000000708400000, 0x0000000708400000| Complete 
|  89|0x0000000708500000, 0x0000000708600000, 0x0000000708600000|100%| S|CS|TAMS 0x0000000708500000, 0x0000000708500000| Complete 
|  90|0x0000000708600000, 0x0000000708700000, 0x0000000708700000|100%| S|CS|TAMS 0x0000000708600000, 0x0000000708600000| Complete 
|  91|0x0000000708700000, 0x0000000708800000, 0x0000000708800000|100%| S|CS|TAMS 0x0000000708700000, 0x0000000708700000| Complete 
|  92|0x0000000708800000, 0x0000000708900000, 0x0000000708900000|100%| S|CS|TAMS 0x0000000708800000, 0x0000000708800000| Complete 
|  93|0x0000000708900000, 0x0000000708a00000, 0x0000000708a00000|100%| S|CS|TAMS 0x0000000708900000, 0x0000000708900000| Complete 
|  94|0x0000000708a00000, 0x0000000708b00000, 0x0000000708b00000|100%| S|CS|TAMS 0x0000000708a00000, 0x0000000708a00000| Complete 
|  95|0x0000000708b00000, 0x0000000708c00000, 0x0000000708c00000|100%| S|CS|TAMS 0x0000000708b00000, 0x0000000708b00000| Complete 
|  96|0x0000000708c00000, 0x0000000708d00000, 0x0000000708d00000|100%| S|CS|TAMS 0x0000000708c00000, 0x0000000708c00000| Complete 
|  97|0x0000000708d00000, 0x0000000708e00000, 0x0000000708e00000|100%| S|CS|TAMS 0x0000000708d00000, 0x0000000708d00000| Complete 
|  98|0x0000000708e00000, 0x0000000708f00000, 0x0000000708f00000|100%| S|CS|TAMS 0x0000000708e00000, 0x0000000708e00000| Complete 
|  99|0x0000000708f00000, 0x0000000709000000, 0x0000000709000000|100%| S|CS|TAMS 0x0000000708f00000, 0x0000000708f00000| Complete 
| 100|0x0000000709000000, 0x0000000709100000, 0x0000000709100000|100%| S|CS|TAMS 0x0000000709000000, 0x0000000709000000| Complete 
| 101|0x0000000709100000, 0x0000000709200000, 0x0000000709200000|100%| S|CS|TAMS 0x0000000709100000, 0x0000000709100000| Complete 
| 102|0x0000000709200000, 0x0000000709200000, 0x0000000709300000|  0%| F|  |TAMS 0x0000000709200000, 0x0000000709200000| Untracked 
| 103|0x0000000709300000, 0x0000000709300000, 0x0000000709400000|  0%| F|  |TAMS 0x0000000709300000, 0x0000000709300000| Untracked 
| 104|0x0000000709400000, 0x0000000709400000, 0x0000000709500000|  0%| F|  |TAMS 0x0000000709400000, 0x0000000709400000| Untracked 
| 105|0x0000000709500000, 0x0000000709500000, 0x0000000709600000|  0%| F|  |TAMS 0x0000000709500000, 0x0000000709500000| Untracked 
| 106|0x0000000709600000, 0x0000000709600000, 0x0000000709700000|  0%| F|  |TAMS 0x0000000709600000, 0x0000000709600000| Untracked 
| 107|0x0000000709700000, 0x0000000709700000, 0x0000000709800000|  0%| F|  |TAMS 0x0000000709700000, 0x0000000709700000| Untracked 
| 108|0x0000000709800000, 0x0000000709800000, 0x0000000709900000|  0%| F|  |TAMS 0x0000000709800000, 0x0000000709800000| Untracked 
| 109|0x0000000709900000, 0x0000000709900000, 0x0000000709a00000|  0%| F|  |TAMS 0x0000000709900000, 0x0000000709900000| Untracked 
| 110|0x0000000709a00000, 0x0000000709a00000, 0x0000000709b00000|  0%| F|  |TAMS 0x0000000709a00000, 0x0000000709a00000| Untracked 
| 111|0x0000000709b00000, 0x0000000709b00000, 0x0000000709c00000|  0%| F|  |TAMS 0x0000000709b00000, 0x0000000709b00000| Untracked 
| 112|0x0000000709c00000, 0x0000000709c00000, 0x0000000709d00000|  0%| F|  |TAMS 0x0000000709c00000, 0x0000000709c00000| Untracked 
| 113|0x0000000709d00000, 0x0000000709d00000, 0x0000000709e00000|  0%| F|  |TAMS 0x0000000709d00000, 0x0000000709d00000| Untracked 
| 114|0x0000000709e00000, 0x0000000709e00000, 0x0000000709f00000|  0%| F|  |TAMS 0x0000000709e00000, 0x0000000709e00000| Untracked 
| 115|0x0000000709f00000, 0x0000000709f00000, 0x000000070a000000|  0%| F|  |TAMS 0x0000000709f00000, 0x0000000709f00000| Untracked 
| 116|0x000000070a000000, 0x000000070a000000, 0x000000070a100000|  0%| F|  |TAMS 0x000000070a000000, 0x000000070a000000| Untracked 
| 117|0x000000070a100000, 0x000000070a100000, 0x000000070a200000|  0%| F|  |TAMS 0x000000070a100000, 0x000000070a100000| Untracked 
| 118|0x000000070a200000, 0x000000070a200000, 0x000000070a300000|  0%| F|  |TAMS 0x000000070a200000, 0x000000070a200000| Untracked 
| 119|0x000000070a300000, 0x000000070a300000, 0x000000070a400000|  0%| F|  |TAMS 0x000000070a300000, 0x000000070a300000| Untracked 
| 120|0x000000070a400000, 0x000000070a400000, 0x000000070a500000|  0%| F|  |TAMS 0x000000070a400000, 0x000000070a400000| Untracked 
| 121|0x000000070a500000, 0x000000070a500000, 0x000000070a600000|  0%| F|  |TAMS 0x000000070a500000, 0x000000070a500000| Untracked 
| 122|0x000000070a600000, 0x000000070a600000, 0x000000070a700000|  0%| F|  |TAMS 0x000000070a600000, 0x000000070a600000| Untracked 
| 123|0x000000070a700000, 0x000000070a700000, 0x000000070a800000|  0%| F|  |TAMS 0x000000070a700000, 0x000000070a700000| Untracked 
| 124|0x000000070a800000, 0x000000070a800000, 0x000000070a900000|  0%| F|  |TAMS 0x000000070a800000, 0x000000070a800000| Untracked 
| 125|0x000000070a900000, 0x000000070a900000, 0x000000070aa00000|  0%| F|  |TAMS 0x000000070a900000, 0x000000070a900000| Untracked 
| 126|0x000000070aa00000, 0x000000070aa00000, 0x000000070ab00000|  0%| F|  |TAMS 0x000000070aa00000, 0x000000070aa00000| Untracked 
| 127|0x000000070ab00000, 0x000000070ab00000, 0x000000070ac00000|  0%| F|  |TAMS 0x000000070ab00000, 0x000000070ab00000| Untracked 
| 128|0x000000070ac00000, 0x000000070ac00000, 0x000000070ad00000|  0%| F|  |TAMS 0x000000070ac00000, 0x000000070ac00000| Untracked 
| 129|0x000000070ad00000, 0x000000070ad00000, 0x000000070ae00000|  0%| F|  |TAMS 0x000000070ad00000, 0x000000070ad00000| Untracked 
| 130|0x000000070ae00000, 0x000000070ae00000, 0x000000070af00000|  0%| F|  |TAMS 0x000000070ae00000, 0x000000070ae00000| Untracked 
| 131|0x000000070af00000, 0x000000070af00000, 0x000000070b000000|  0%| F|  |TAMS 0x000000070af00000, 0x000000070af00000| Untracked 
| 132|0x000000070b000000, 0x000000070b000000, 0x000000070b100000|  0%| F|  |TAMS 0x000000070b000000, 0x000000070b000000| Untracked 
| 133|0x000000070b100000, 0x000000070b100000, 0x000000070b200000|  0%| F|  |TAMS 0x000000070b100000, 0x000000070b100000| Untracked 
| 134|0x000000070b200000, 0x000000070b200000, 0x000000070b300000|  0%| F|  |TAMS 0x000000070b200000, 0x000000070b200000| Untracked 
| 135|0x000000070b300000, 0x000000070b300000, 0x000000070b400000|  0%| F|  |TAMS 0x000000070b300000, 0x000000070b300000| Untracked 
| 136|0x000000070b400000, 0x000000070b400000, 0x000000070b500000|  0%| F|  |TAMS 0x000000070b400000, 0x000000070b400000| Untracked 
| 137|0x000000070b500000, 0x000000070b500000, 0x000000070b600000|  0%| F|  |TAMS 0x000000070b500000, 0x000000070b500000| Untracked 
| 138|0x000000070b600000, 0x000000070b600000, 0x000000070b700000|  0%| F|  |TAMS 0x000000070b600000, 0x000000070b600000| Untracked 
| 139|0x000000070b700000, 0x000000070b700000, 0x000000070b800000|  0%| F|  |TAMS 0x000000070b700000, 0x000000070b700000| Untracked 
| 140|0x000000070b800000, 0x000000070b800000, 0x000000070b900000|  0%| F|  |TAMS 0x000000070b800000, 0x000000070b800000| Untracked 
| 141|0x000000070b900000, 0x000000070b900000, 0x000000070ba00000|  0%| F|  |TAMS 0x000000070b900000, 0x000000070b900000| Untracked 
| 142|0x000000070ba00000, 0x000000070ba00000, 0x000000070bb00000|  0%| F|  |TAMS 0x000000070ba00000, 0x000000070ba00000| Untracked 
| 143|0x000000070bb00000, 0x000000070bb00000, 0x000000070bc00000|  0%| F|  |TAMS 0x000000070bb00000, 0x000000070bb00000| Untracked 
| 144|0x000000070bc00000, 0x000000070bc00000, 0x000000070bd00000|  0%| F|  |TAMS 0x000000070bc00000, 0x000000070bc00000| Untracked 
| 145|0x000000070bd00000, 0x000000070bd00000, 0x000000070be00000|  0%| F|  |TAMS 0x000000070bd00000, 0x000000070bd00000| Untracked 
| 146|0x000000070be00000, 0x000000070be00000, 0x000000070bf00000|  0%| F|  |TAMS 0x000000070be00000, 0x000000070be00000| Untracked 
| 147|0x000000070bf00000, 0x000000070bf00000, 0x000000070c000000|  0%| F|  |TAMS 0x000000070bf00000, 0x000000070bf00000| Untracked 
| 148|0x000000070c000000, 0x000000070c000000, 0x000000070c100000|  0%| F|  |TAMS 0x000000070c000000, 0x000000070c000000| Untracked 
| 149|0x000000070c100000, 0x000000070c100000, 0x000000070c200000|  0%| F|  |TAMS 0x000000070c100000, 0x000000070c100000| Untracked 
| 150|0x000000070c200000, 0x000000070c200000, 0x000000070c300000|  0%| F|  |TAMS 0x000000070c200000, 0x000000070c200000| Untracked 
| 151|0x000000070c300000, 0x000000070c300000, 0x000000070c400000|  0%| F|  |TAMS 0x000000070c300000, 0x000000070c300000| Untracked 
| 152|0x000000070c400000, 0x000000070c400000, 0x000000070c500000|  0%| F|  |TAMS 0x000000070c400000, 0x000000070c400000| Untracked 
| 153|0x000000070c500000, 0x000000070c500000, 0x000000070c600000|  0%| F|  |TAMS 0x000000070c500000, 0x000000070c500000| Untracked 
| 154|0x000000070c600000, 0x000000070c600000, 0x000000070c700000|  0%| F|  |TAMS 0x000000070c600000, 0x000000070c600000| Untracked 
| 155|0x000000070c700000, 0x000000070c700000, 0x000000070c800000|  0%| F|  |TAMS 0x000000070c700000, 0x000000070c700000| Untracked 
| 156|0x000000070c800000, 0x000000070c800000, 0x000000070c900000|  0%| F|  |TAMS 0x000000070c800000, 0x000000070c800000| Untracked 
| 157|0x000000070c900000, 0x000000070c900000, 0x000000070ca00000|  0%| F|  |TAMS 0x000000070c900000, 0x000000070c900000| Untracked 
| 158|0x000000070ca00000, 0x000000070ca00000, 0x000000070cb00000|  0%| F|  |TAMS 0x000000070ca00000, 0x000000070ca00000| Untracked 
| 159|0x000000070cb00000, 0x000000070cb00000, 0x000000070cc00000|  0%| F|  |TAMS 0x000000070cb00000, 0x000000070cb00000| Untracked 
| 160|0x000000070cc00000, 0x000000070cc00000, 0x000000070cd00000|  0%| F|  |TAMS 0x000000070cc00000, 0x000000070cc00000| Untracked 
| 161|0x000000070cd00000, 0x000000070cd00000, 0x000000070ce00000|  0%| F|  |TAMS 0x000000070cd00000, 0x000000070cd00000| Untracked 
| 162|0x000000070ce00000, 0x000000070ce00000, 0x000000070cf00000|  0%| F|  |TAMS 0x000000070ce00000, 0x000000070ce00000| Untracked 
| 163|0x000000070cf00000, 0x000000070cf00000, 0x000000070d000000|  0%| F|  |TAMS 0x000000070cf00000, 0x000000070cf00000| Untracked 
| 164|0x000000070d000000, 0x000000070d000000, 0x000000070d100000|  0%| F|  |TAMS 0x000000070d000000, 0x000000070d000000| Untracked 
| 165|0x000000070d100000, 0x000000070d100000, 0x000000070d200000|  0%| F|  |TAMS 0x000000070d100000, 0x000000070d100000| Untracked 
| 166|0x000000070d200000, 0x000000070d200000, 0x000000070d300000|  0%| F|  |TAMS 0x000000070d200000, 0x000000070d200000| Untracked 
| 167|0x000000070d300000, 0x000000070d300000, 0x000000070d400000|  0%| F|  |TAMS 0x000000070d300000, 0x000000070d300000| Untracked 
| 168|0x000000070d400000, 0x000000070d400000, 0x000000070d500000|  0%| F|  |TAMS 0x000000070d400000, 0x000000070d400000| Untracked 
| 169|0x000000070d500000, 0x000000070d500000, 0x000000070d600000|  0%| F|  |TAMS 0x000000070d500000, 0x000000070d500000| Untracked 
| 170|0x000000070d600000, 0x000000070d600000, 0x000000070d700000|  0%| F|  |TAMS 0x000000070d600000, 0x000000070d600000| Untracked 
| 171|0x000000070d700000, 0x000000070d700000, 0x000000070d800000|  0%| F|  |TAMS 0x000000070d700000, 0x000000070d700000| Untracked 
| 172|0x000000070d800000, 0x000000070d800000, 0x000000070d900000|  0%| F|  |TAMS 0x000000070d800000, 0x000000070d800000| Untracked 
| 173|0x000000070d900000, 0x000000070d900000, 0x000000070da00000|  0%| F|  |TAMS 0x000000070d900000, 0x000000070d900000| Untracked 
| 174|0x000000070da00000, 0x000000070da00000, 0x000000070db00000|  0%| F|  |TAMS 0x000000070da00000, 0x000000070da00000| Untracked 
| 175|0x000000070db00000, 0x000000070db00000, 0x000000070dc00000|  0%| F|  |TAMS 0x000000070db00000, 0x000000070db00000| Untracked 
| 176|0x000000070dc00000, 0x000000070dc00000, 0x000000070dd00000|  0%| F|  |TAMS 0x000000070dc00000, 0x000000070dc00000| Untracked 
| 177|0x000000070dd00000, 0x000000070dd00000, 0x000000070de00000|  0%| F|  |TAMS 0x000000070dd00000, 0x000000070dd00000| Untracked 
| 178|0x000000070de00000, 0x000000070de00000, 0x000000070df00000|  0%| F|  |TAMS 0x000000070de00000, 0x000000070de00000| Untracked 
| 179|0x000000070df00000, 0x000000070df00000, 0x000000070e000000|  0%| F|  |TAMS 0x000000070df00000, 0x000000070df00000| Untracked 
| 180|0x000000070e000000, 0x000000070e000000, 0x000000070e100000|  0%| F|  |TAMS 0x000000070e000000, 0x000000070e000000| Untracked 
| 181|0x000000070e100000, 0x000000070e100000, 0x000000070e200000|  0%| F|  |TAMS 0x000000070e100000, 0x000000070e100000| Untracked 
| 182|0x000000070e200000, 0x000000070e200000, 0x000000070e300000|  0%| F|  |TAMS 0x000000070e200000, 0x000000070e200000| Untracked 
| 183|0x000000070e300000, 0x000000070e300000, 0x000000070e400000|  0%| F|  |TAMS 0x000000070e300000, 0x000000070e300000| Untracked 
| 184|0x000000070e400000, 0x000000070e400000, 0x000000070e500000|  0%| F|  |TAMS 0x000000070e400000, 0x000000070e400000| Untracked 
| 185|0x000000070e500000, 0x000000070e500000, 0x000000070e600000|  0%| F|  |TAMS 0x000000070e500000, 0x000000070e500000| Untracked 
| 186|0x000000070e600000, 0x000000070e600000, 0x000000070e700000|  0%| F|  |TAMS 0x000000070e600000, 0x000000070e600000| Untracked 
| 187|0x000000070e700000, 0x000000070e700000, 0x000000070e800000|  0%| F|  |TAMS 0x000000070e700000, 0x000000070e700000| Untracked 
| 188|0x000000070e800000, 0x000000070e800000, 0x000000070e900000|  0%| F|  |TAMS 0x000000070e800000, 0x000000070e800000| Untracked 
| 189|0x000000070e900000, 0x000000070e900000, 0x000000070ea00000|  0%| F|  |TAMS 0x000000070e900000, 0x000000070e900000| Untracked 
| 190|0x000000070ea00000, 0x000000070ea00000, 0x000000070eb00000|  0%| F|  |TAMS 0x000000070ea00000, 0x000000070ea00000| Untracked 
| 191|0x000000070eb00000, 0x000000070eb00000, 0x000000070ec00000|  0%| F|  |TAMS 0x000000070eb00000, 0x000000070eb00000| Untracked 
| 192|0x000000070ec00000, 0x000000070ec00000, 0x000000070ed00000|  0%| F|  |TAMS 0x000000070ec00000, 0x000000070ec00000| Untracked 
| 193|0x000000070ed00000, 0x000000070ed00000, 0x000000070ee00000|  0%| F|  |TAMS 0x000000070ed00000, 0x000000070ed00000| Untracked 
| 194|0x000000070ee00000, 0x000000070ee00000, 0x000000070ef00000|  0%| F|  |TAMS 0x000000070ee00000, 0x000000070ee00000| Untracked 
| 195|0x000000070ef00000, 0x000000070ef00000, 0x000000070f000000|  0%| F|  |TAMS 0x000000070ef00000, 0x000000070ef00000| Untracked 
| 196|0x000000070f000000, 0x000000070f000000, 0x000000070f100000|  0%| F|  |TAMS 0x000000070f000000, 0x000000070f000000| Untracked 
| 197|0x000000070f100000, 0x000000070f100000, 0x000000070f200000|  0%| F|  |TAMS 0x000000070f100000, 0x000000070f100000| Untracked 
| 198|0x000000070f200000, 0x000000070f200000, 0x000000070f300000|  0%| F|  |TAMS 0x000000070f200000, 0x000000070f200000| Untracked 
| 199|0x000000070f300000, 0x000000070f300000, 0x000000070f400000|  0%| F|  |TAMS 0x000000070f300000, 0x000000070f300000| Untracked 
| 200|0x000000070f400000, 0x000000070f400000, 0x000000070f500000|  0%| F|  |TAMS 0x000000070f400000, 0x000000070f400000| Untracked 
| 201|0x000000070f500000, 0x000000070f500000, 0x000000070f600000|  0%| F|  |TAMS 0x000000070f500000, 0x000000070f500000| Untracked 
| 202|0x000000070f600000, 0x000000070f600000, 0x000000070f700000|  0%| F|  |TAMS 0x000000070f600000, 0x000000070f600000| Untracked 
| 203|0x000000070f700000, 0x000000070f700000, 0x000000070f800000|  0%| F|  |TAMS 0x000000070f700000, 0x000000070f700000| Untracked 
| 204|0x000000070f800000, 0x000000070f800000, 0x000000070f900000|  0%| F|  |TAMS 0x000000070f800000, 0x000000070f800000| Untracked 
| 205|0x000000070f900000, 0x000000070f900000, 0x000000070fa00000|  0%| F|  |TAMS 0x000000070f900000, 0x000000070f900000| Untracked 
| 206|0x000000070fa00000, 0x000000070fa00000, 0x000000070fb00000|  0%| F|  |TAMS 0x000000070fa00000, 0x000000070fa00000| Untracked 
| 207|0x000000070fb00000, 0x000000070fb00000, 0x000000070fc00000|  0%| F|  |TAMS 0x000000070fb00000, 0x000000070fb00000| Untracked 
| 208|0x000000070fc00000, 0x000000070fc00000, 0x000000070fd00000|  0%| F|  |TAMS 0x000000070fc00000, 0x000000070fc00000| Untracked 
| 209|0x000000070fd00000, 0x000000070fd00000, 0x000000070fe00000|  0%| F|  |TAMS 0x000000070fd00000, 0x000000070fd00000| Untracked 
| 210|0x000000070fe00000, 0x000000070fe00000, 0x000000070ff00000|  0%| F|  |TAMS 0x000000070fe00000, 0x000000070fe00000| Untracked 
| 211|0x000000070ff00000, 0x000000070ff00000, 0x0000000710000000|  0%| F|  |TAMS 0x000000070ff00000, 0x000000070ff00000| Untracked 
| 212|0x0000000710000000, 0x0000000710000000, 0x0000000710100000|  0%| F|  |TAMS 0x0000000710000000, 0x0000000710000000| Untracked 
| 213|0x0000000710100000, 0x0000000710100000, 0x0000000710200000|  0%| F|  |TAMS 0x0000000710100000, 0x0000000710100000| Untracked 
| 214|0x0000000710200000, 0x0000000710200000, 0x0000000710300000|  0%| F|  |TAMS 0x0000000710200000, 0x0000000710200000| Untracked 
| 215|0x0000000710300000, 0x0000000710300000, 0x0000000710400000|  0%| F|  |TAMS 0x0000000710300000, 0x0000000710300000| Untracked 
| 216|0x0000000710400000, 0x0000000710400000, 0x0000000710500000|  0%| F|  |TAMS 0x0000000710400000, 0x0000000710400000| Untracked 
| 217|0x0000000710500000, 0x0000000710500000, 0x0000000710600000|  0%| F|  |TAMS 0x0000000710500000, 0x0000000710500000| Untracked 
| 218|0x0000000710600000, 0x0000000710600000, 0x0000000710700000|  0%| F|  |TAMS 0x0000000710600000, 0x0000000710600000| Untracked 
| 219|0x0000000710700000, 0x0000000710700000, 0x0000000710800000|  0%| F|  |TAMS 0x0000000710700000, 0x0000000710700000| Untracked 
| 220|0x0000000710800000, 0x0000000710800000, 0x0000000710900000|  0%| F|  |TAMS 0x0000000710800000, 0x0000000710800000| Untracked 
| 221|0x0000000710900000, 0x0000000710900000, 0x0000000710a00000|  0%| F|  |TAMS 0x0000000710900000, 0x0000000710900000| Untracked 
| 222|0x0000000710a00000, 0x0000000710a00000, 0x0000000710b00000|  0%| F|  |TAMS 0x0000000710a00000, 0x0000000710a00000| Untracked 
| 223|0x0000000710b00000, 0x0000000710b00000, 0x0000000710c00000|  0%| F|  |TAMS 0x0000000710b00000, 0x0000000710b00000| Untracked 
| 224|0x0000000710c00000, 0x0000000710c00000, 0x0000000710d00000|  0%| F|  |TAMS 0x0000000710c00000, 0x0000000710c00000| Untracked 
| 225|0x0000000710d00000, 0x0000000710d00000, 0x0000000710e00000|  0%| F|  |TAMS 0x0000000710d00000, 0x0000000710d00000| Untracked 
| 226|0x0000000710e00000, 0x0000000710e00000, 0x0000000710f00000|  0%| F|  |TAMS 0x0000000710e00000, 0x0000000710e00000| Untracked 
| 227|0x0000000710f00000, 0x0000000710f00000, 0x0000000711000000|  0%| F|  |TAMS 0x0000000710f00000, 0x0000000710f00000| Untracked 
| 228|0x0000000711000000, 0x0000000711000000, 0x0000000711100000|  0%| F|  |TAMS 0x0000000711000000, 0x0000000711000000| Untracked 
| 229|0x0000000711100000, 0x0000000711100000, 0x0000000711200000|  0%| F|  |TAMS 0x0000000711100000, 0x0000000711100000| Untracked 
| 230|0x0000000711200000, 0x0000000711200000, 0x0000000711300000|  0%| F|  |TAMS 0x0000000711200000, 0x0000000711200000| Untracked 
| 231|0x0000000711300000, 0x0000000711300000, 0x0000000711400000|  0%| F|  |TAMS 0x0000000711300000, 0x0000000711300000| Untracked 
| 232|0x0000000711400000, 0x0000000711400000, 0x0000000711500000|  0%| F|  |TAMS 0x0000000711400000, 0x0000000711400000| Untracked 
| 233|0x0000000711500000, 0x0000000711500000, 0x0000000711600000|  0%| F|  |TAMS 0x0000000711500000, 0x0000000711500000| Untracked 
| 234|0x0000000711600000, 0x0000000711600000, 0x0000000711700000|  0%| F|  |TAMS 0x0000000711600000, 0x0000000711600000| Untracked 
| 235|0x0000000711700000, 0x0000000711700000, 0x0000000711800000|  0%| F|  |TAMS 0x0000000711700000, 0x0000000711700000| Untracked 
| 236|0x0000000711800000, 0x0000000711800000, 0x0000000711900000|  0%| F|  |TAMS 0x0000000711800000, 0x0000000711800000| Untracked 
| 237|0x0000000711900000, 0x0000000711900000, 0x0000000711a00000|  0%| F|  |TAMS 0x0000000711900000, 0x0000000711900000| Untracked 
| 238|0x0000000711a00000, 0x0000000711a00000, 0x0000000711b00000|  0%| F|  |TAMS 0x0000000711a00000, 0x0000000711a00000| Untracked 
| 239|0x0000000711b00000, 0x0000000711b00000, 0x0000000711c00000|  0%| F|  |TAMS 0x0000000711b00000, 0x0000000711b00000| Untracked 
| 240|0x0000000711c00000, 0x0000000711c00000, 0x0000000711d00000|  0%| F|  |TAMS 0x0000000711c00000, 0x0000000711c00000| Untracked 
| 241|0x0000000711d00000, 0x0000000711d00000, 0x0000000711e00000|  0%| F|  |TAMS 0x0000000711d00000, 0x0000000711d00000| Untracked 
| 242|0x0000000711e00000, 0x0000000711e00000, 0x0000000711f00000|  0%| F|  |TAMS 0x0000000711e00000, 0x0000000711e00000| Untracked 
| 243|0x0000000711f00000, 0x0000000711f00000, 0x0000000712000000|  0%| F|  |TAMS 0x0000000711f00000, 0x0000000711f00000| Untracked 
| 244|0x0000000712000000, 0x0000000712000000, 0x0000000712100000|  0%| F|  |TAMS 0x0000000712000000, 0x0000000712000000| Untracked 
| 245|0x0000000712100000, 0x0000000712100000, 0x0000000712200000|  0%| F|  |TAMS 0x0000000712100000, 0x0000000712100000| Untracked 
| 246|0x0000000712200000, 0x0000000712200000, 0x0000000712300000|  0%| F|  |TAMS 0x0000000712200000, 0x0000000712200000| Untracked 
| 247|0x0000000712300000, 0x0000000712300000, 0x0000000712400000|  0%| F|  |TAMS 0x0000000712300000, 0x0000000712300000| Untracked 
| 248|0x0000000712400000, 0x0000000712400000, 0x0000000712500000|  0%| F|  |TAMS 0x0000000712400000, 0x0000000712400000| Untracked 
| 249|0x0000000712500000, 0x0000000712500000, 0x0000000712600000|  0%| F|  |TAMS 0x0000000712500000, 0x0000000712500000| Untracked 
| 250|0x0000000712600000, 0x0000000712600000, 0x0000000712700000|  0%| F|  |TAMS 0x0000000712600000, 0x0000000712600000| Untracked 
| 251|0x0000000712700000, 0x0000000712700000, 0x0000000712800000|  0%| F|  |TAMS 0x0000000712700000, 0x0000000712700000| Untracked 
| 252|0x0000000712800000, 0x0000000712800000, 0x0000000712900000|  0%| F|  |TAMS 0x0000000712800000, 0x0000000712800000| Untracked 
| 253|0x0000000712900000, 0x0000000712900000, 0x0000000712a00000|  0%| F|  |TAMS 0x0000000712900000, 0x0000000712900000| Untracked 

Card table byte_map: [0x000001e05b4d0000,0x000001e05bcc0000] _byte_map_base: 0x000001e057cba000

Marking Bits (Prev, Next): (CMBitMap*) 0x000001e043686d48, (CMBitMap*) 0x000001e043686d80
 Prev Bits: [0x000001e05c4b0000, 0x000001e060400000)
 Next Bits: [0x000001e060400000, 0x000001e064350000)

Polling page: 0x000001e042e00000

Metaspace:

Usage:
  Non-class:     41.02 MB capacity,    40.11 MB ( 98%) used,   758.21 KB (  2%) free+waste,   179.13 KB ( <1%) overhead. 
      Class:      6.60 MB capacity,     5.98 MB ( 91%) used,   542.90 KB (  8%) free+waste,    89.31 KB (  1%) overhead. 
       Both:     47.62 MB capacity,    46.09 MB ( 97%) used,     1.27 MB (  3%) free+waste,   268.44 KB ( <1%) overhead. 

Virtual space:
  Non-class space:       42.00 MB reserved,      41.17 MB ( 98%) committed 
      Class space:        1.00 GB reserved,       6.66 MB ( <1%) committed 
             Both:        1.04 GB reserved,      47.83 MB (  4%) committed 

Chunk freelists:
   Non-Class:  3.13 KB
       Class:  3.75 KB
        Both:  6.88 KB

CodeHeap 'non-profiled nmethods': size=238336Kb used=8790Kb max_used=8790Kb free=229545Kb
 bounds [0x000001e04c0f0000, 0x000001e04c990000, 0x000001e05a9b0000]
CodeHeap 'non-nmethods': size=7424Kb used=1194Kb max_used=1194Kb free=6229Kb
 bounds [0x000001e04b9b0000, 0x000001e04bc20000, 0x000001e04c0f0000]
 total_blobs=5750 nmethods=5182 adapters=456
 compilation: enabled
              stopped_count=0, restarted_count=0
 full_count=0

Compilation events (10 events):
Event: 32.046 Thread 0x000001e067811000 nmethod 5199 0x000001e04c982790 code [0x000001e04c982940, 0x000001e04c982a58]
Event: 32.122 Thread 0x000001e067811000 5200       1       com.mongodb.internal.connection.ChangeEvent::getNewValue (5 bytes)
Event: 32.122 Thread 0x000001e067811000 nmethod 5200 0x000001e04c982b10 code [0x000001e04c982cc0, 0x000001e04c982dd8]
Event: 32.168 Thread 0x000001e067811000 5201       1       com.mongodb.internal.connection.DefaultServerMonitor::access$1100 (5 bytes)
Event: 32.168 Thread 0x000001e067811000 nmethod 5201 0x000001e04c982e90 code [0x000001e04c983040, 0x000001e04c983138]
Event: 32.327 Thread 0x000001e067811000 5202   !   1       java.io.ObjectInputStream::readTypeString (134 bytes)
Event: 32.328 Thread 0x000001e067811000 nmethod 5202 0x000001e04c983210 code [0x000001e04c9834e0, 0x000001e04c983fc0]
Event: 32.328 Thread 0x000001e067811000 5205   !   1       java.io.ObjectOutputStream::writeSerialData (221 bytes)
Event: 32.329 Thread 0x000001e067811000 nmethod 5205 0x000001e04c984910 code [0x000001e04c984b60, 0x000001e04c985530]
Event: 32.329 Thread 0x000001e067811000 5206       1       java.io.ObjectStreamClass$FieldReflector::getPrimFieldValues (317 bytes)

GC Heap History (10 events):
Event: 0.634 GC heap after
{Heap after GC invocations=1 (full 0):
 garbage-first heap   total 260096K, used 9452K [0x0000000702c00000, 0x0000000800000000)
  region size 1024K, 3 young (3072K), 3 survivors (3072K)
 Metaspace       used 14149K, capacity 14536K, committed 14720K, reserved 1062912K
  class space    used 1495K, capacity 1635K, committed 1664K, reserved 1048576K
}
Event: 0.810 GC heap before
{Heap before GC invocations=1 (full 0):
 garbage-first heap   total 260096K, used 24812K [0x0000000702c00000, 0x0000000800000000)
  region size 1024K, 18 young (18432K), 3 survivors (3072K)
 Metaspace       used 17656K, capacity 18182K, committed 18304K, reserved 1064960K
  class space    used 1973K, capacity 2159K, committed 2176K, reserved 1048576K
}
Event: 0.813 GC heap after
{Heap after GC invocations=2 (full 0):
 garbage-first heap   total 260096K, used 10626K [0x0000000702c00000, 0x0000000800000000)
  region size 1024K, 2 young (2048K), 2 survivors (2048K)
 Metaspace       used 17656K, capacity 18182K, committed 18304K, reserved 1064960K
  class space    used 1973K, capacity 2159K, committed 2176K, reserved 1048576K
}
Event: 0.966 GC heap before
{Heap before GC invocations=2 (full 0):
 garbage-first heap   total 260096K, used 23938K [0x0000000702c00000, 0x0000000800000000)
  region size 1024K, 16 young (16384K), 2 survivors (2048K)
 Metaspace       used 20609K, capacity 21209K, committed 21296K, reserved 1069056K
  class space    used 2420K, capacity 2666K, committed 2688K, reserved 1048576K
}
Event: 0.968 GC heap after
{Heap after GC invocations=3 (full 0):
 garbage-first heap   total 260096K, used 11698K [0x0000000702c00000, 0x0000000800000000)
  region size 1024K, 3 young (3072K), 3 survivors (3072K)
 Metaspace       used 20609K, capacity 21209K, committed 21296K, reserved 1069056K
  class space    used 2420K, capacity 2666K, committed 2688K, reserved 1048576K
}
Event: 1.395 GC heap before
{Heap before GC invocations=4 (full 0):
 garbage-first heap   total 260096K, used 90546K [0x0000000702c00000, 0x0000000800000000)
  region size 1024K, 80 young (81920K), 3 survivors (3072K)
 Metaspace       used 31392K, capacity 32342K, committed 32432K, reserved 1077248K
  class space    used 3880K, capacity 4263K, committed 4352K, reserved 1048576K
}
Event: 1.399 GC heap after
{Heap after GC invocations=5 (full 0):
 garbage-first heap   total 260096K, used 16107K [0x0000000702c00000, 0x0000000800000000)
  region size 1024K, 7 young (7168K), 7 survivors (7168K)
 Metaspace       used 31392K, capacity 32342K, committed 32432K, reserved 1077248K
  class space    used 3880K, capacity 4263K, committed 4352K, reserved 1048576K
}
Event: 1.720 GC heap before
{Heap before GC invocations=5 (full 0):
 garbage-first heap   total 260096K, used 72427K [0x0000000702c00000, 0x0000000800000000)
  region size 1024K, 63 young (64512K), 7 survivors (7168K)
 Metaspace       used 34685K, capacity 35704K, committed 35920K, reserved 1081344K
  class space    used 4344K, capacity 4738K, committed 4768K, reserved 1048576K
}
Event: 1.725 GC heap after
{Heap after GC invocations=6 (full 0):
 garbage-first heap   total 260096K, used 18724K [0x0000000702c00000, 0x0000000800000000)
  region size 1024K, 9 young (9216K), 9 survivors (9216K)
 Metaspace       used 34685K, capacity 35704K, committed 35920K, reserved 1081344K
  class space    used 4344K, capacity 4738K, committed 4768K, reserved 1048576K
}
Event: 32.329 GC heap before
{Heap before GC invocations=7 (full 0):
 garbage-first heap   total 260096K, used 164132K [0x0000000702c00000, 0x0000000800000000)
  region size 1024K, 152 young (155648K), 9 survivors (9216K)
 Metaspace       used 47191K, capacity 48761K, committed 48976K, reserved 1091584K
  class space    used 6121K, capacity 6754K, committed 6816K, reserved 1048576K
}

Deoptimization events (0 events):
No events

Classes redefined (0 events):
No events

Internal exceptions (10 events):
Event: 24.502 Thread 0x000001e067962000 Exception <a 'java/net/ConnectException'{0x000000070d138ed8}: Connection refused: connect> (0x000000070d138ed8) thrown at [t:/workspace/open/src/hotspot/share/prims/jni.cpp, line 636]
Event: 24.532 Thread 0x000001e069494800 Exception <a 'java/net/ConnectException'{0x0000000709b02970}: Connection refused: connect> (0x0000000709b02970) thrown at [t:/workspace/open/src/hotspot/share/prims/jni.cpp, line 636]
Event: 27.036 Thread 0x000001e067962000 Exception <a 'java/net/ConnectException'{0x000000070d13aa78}: Connection refused: connect> (0x000000070d13aa78) thrown at [t:/workspace/open/src/hotspot/share/prims/jni.cpp, line 636]
Event: 27.068 Thread 0x000001e069494800 Exception <a 'java/net/ConnectException'{0x0000000709b04510}: Connection refused: connect> (0x0000000709b04510) thrown at [t:/workspace/open/src/hotspot/share/prims/jni.cpp, line 636]
Event: 28.363 Thread 0x000001e069495800 Exception <a 'java/net/ConnectException'{0x000000070d3859a8}: Connection refused: connect> (0x000000070d3859a8) thrown at [t:/workspace/open/src/hotspot/share/prims/jni.cpp, line 636]
Event: 28.363 Thread 0x000001e067963000 Exception <a 'java/net/ConnectException'{0x000000070d210ed0}: Connection refused: connect> (0x000000070d210ed0) thrown at [t:/workspace/open/src/hotspot/share/prims/jni.cpp, line 636]
Event: 29.578 Thread 0x000001e067962000 Exception <a 'java/net/ConnectException'{0x000000070d13c618}: Connection refused: connect> (0x000000070d13c618) thrown at [t:/workspace/open/src/hotspot/share/prims/jni.cpp, line 636]
Event: 29.610 Thread 0x000001e069494800 Exception <a 'java/net/ConnectException'{0x0000000709b060b0}: Connection refused: connect> (0x0000000709b060b0) thrown at [t:/workspace/open/src/hotspot/share/prims/jni.cpp, line 636]
Event: 32.121 Thread 0x000001e067962000 Exception <a 'java/net/ConnectException'{0x000000070d13e1b8}: Connection refused: connect> (0x000000070d13e1b8) thrown at [t:/workspace/open/src/hotspot/share/prims/jni.cpp, line 636]
Event: 32.168 Thread 0x000001e069494800 Exception <a 'java/net/ConnectException'{0x0000000709b07c50}: Connection refused: connect> (0x0000000709b07c50) thrown at [t:/workspace/open/src/hotspot/share/prims/jni.cpp, line 636]

Events (10 events):
Event: 30.787 Executing VM operation: RevokeBias done
Event: 30.787 Executing VM operation: RevokeBias
Event: 30.788 Executing VM operation: RevokeBias done
Event: 30.788 Thread 0x000001e0696b7800 Thread exited: 0x000001e0696b7800
Event: 31.295 Thread 0x000001e0696b8800 Thread added: 0x000001e0696b8800
Event: 31.297 Thread 0x000001e0696b8800 Thread exited: 0x000001e0696b8800
Event: 31.810 Thread 0x000001e0696b7800 Thread added: 0x000001e0696b7800
Event: 31.812 Thread 0x000001e0696b7800 Thread exited: 0x000001e0696b7800
Event: 32.326 Thread 0x000001e0696b4800 Thread added: 0x000001e0696b4800
Event: 32.329 Executing VM operation: G1CollectForAllocation


Dynamic libraries:
0x00007ff6b7c20000 - 0x00007ff6b7c67000 	D:\work_imple\jdk11\bin\java.exe
0x00007ffac8430000 - 0x00007ffac8625000 	C:\Windows\SYSTEM32\ntdll.dll
0x00007ffac8020000 - 0x00007ffac80de000 	C:\Windows\System32\KERNEL32.DLL
0x00007ffac5d80000 - 0x00007ffac6048000 	C:\Windows\System32\KERNELBASE.dll
0x00007ffac6890000 - 0x00007ffac693e000 	C:\Windows\System32\ADVAPI32.dll
0x00007ffac6960000 - 0x00007ffac69fe000 	C:\Windows\System32\msvcrt.dll
0x00007ffac7840000 - 0x00007ffac78dc000 	C:\Windows\System32\sechost.dll
0x00007ffac82c0000 - 0x00007ffac83e5000 	C:\Windows\System32\RPCRT4.dll
0x00007ffac80e0000 - 0x00007ffac8281000 	C:\Windows\System32\USER32.dll
0x00007ffac6240000 - 0x00007ffac6262000 	C:\Windows\System32\win32u.dll
0x00007ffac8290000 - 0x00007ffac82bb000 	C:\Windows\System32\GDI32.dll
0x00007ffac6130000 - 0x00007ffac623d000 	C:\Windows\System32\gdi32full.dll
0x00007ffac6270000 - 0x00007ffac630d000 	C:\Windows\System32\msvcp_win.dll
0x00007ffac5c80000 - 0x00007ffac5d80000 	C:\Windows\System32\ucrtbase.dll
0x00007ffaaa970000 - 0x00007ffaaac0a000 	C:\Windows\WinSxS\amd64_microsoft.windows.common-controls_6595b64144ccf1df_6.0.19041.1110_none_60b5254171f9507e\COMCTL32.dll
0x00007ffabf610000 - 0x00007ffabf61a000 	C:\Windows\SYSTEM32\VERSION.dll
0x00007ffac6470000 - 0x00007ffac64a0000 	C:\Windows\System32\IMM32.DLL
0x00007ffabfa90000 - 0x00007ffabfaa6000 	D:\work_imple\jdk11\bin\vcruntime140.dll
0x00007ffaaaf40000 - 0x00007ffaaafea000 	D:\work_imple\jdk11\bin\msvcp140.dll
0x00007ffa6abd0000 - 0x00007ffa6b6f9000 	D:\work_imple\jdk11\bin\server\jvm.dll
0x00007ffac6a90000 - 0x00007ffac6a98000 	C:\Windows\System32\PSAPI.DLL
0x00007ffaaad10000 - 0x00007ffaaad19000 	C:\Windows\SYSTEM32\WSOCK32.dll
0x00007ffac7d60000 - 0x00007ffac7dcb000 	C:\Windows\System32\WS2_32.dll
0x00007ffaab320000 - 0x00007ffaab347000 	C:\Windows\SYSTEM32\WINMM.dll
0x00007ffac4380000 - 0x00007ffac4392000 	C:\Windows\SYSTEM32\kernel.appcore.dll
0x00007ffabfa10000 - 0x00007ffabfa21000 	D:\work_imple\jdk11\bin\verify.dll
0x00007ffac4080000 - 0x00007ffac4264000 	C:\Windows\SYSTEM32\DBGHELP.DLL
0x00007ffaac960000 - 0x00007ffaac98c000 	C:\Windows\SYSTEM32\dbgcore.DLL
0x00007ffac60a0000 - 0x00007ffac6122000 	C:\Windows\System32\bcryptPrimitives.dll
0x00007ffabf910000 - 0x00007ffabf939000 	D:\work_imple\jdk11\bin\java.dll
0x00007ffa99090000 - 0x00007ffa990bf000 	D:\work_imple\jdk11\bin\instrument.dll
0x00007ffabf950000 - 0x00007ffabf966000 	D:\work_imple\jdk11\bin\zip.dll
0x00007ffac11d0000 - 0x00007ffac11da000 	D:\work_imple\jdk11\bin\jimage.dll
0x00007ffac6aa0000 - 0x00007ffac71e4000 	C:\Windows\System32\SHELL32.dll
0x00007ffac3820000 - 0x00007ffac3fb5000 	C:\Windows\SYSTEM32\windows.storage.dll
0x00007ffac64b0000 - 0x00007ffac6805000 	C:\Windows\System32\combase.dll
0x00007ffac5590000 - 0x00007ffac55be000 	C:\Windows\SYSTEM32\Wldp.dll
0x00007ffac7250000 - 0x00007ffac72fd000 	C:\Windows\System32\SHCORE.dll
0x00007ffac77e0000 - 0x00007ffac7835000 	C:\Windows\System32\shlwapi.dll
0x00007ffac5a80000 - 0x00007ffac5a9f000 	C:\Windows\SYSTEM32\profapi.dll
0x00007ffabf8c0000 - 0x00007ffabf8d9000 	D:\work_imple\jdk11\bin\net.dll
0x00007ffaba4a0000 - 0x00007ffaba5ac000 	C:\Windows\SYSTEM32\WINHTTP.dll
0x00007ffac52b0000 - 0x00007ffac531a000 	C:\Windows\system32\mswsock.dll
0x00007ffabe1e0000 - 0x00007ffabe1f3000 	D:\work_imple\jdk11\bin\nio.dll
0x00007ffabe130000 - 0x00007ffabe14a000 	D:\Program Files\JetBrains\IntelliJ IDEA 2021.1.1\bin\breakgen64.dll
0x00007ffac4fb0000 - 0x00007ffac507b000 	C:\Windows\SYSTEM32\DNSAPI.dll
0x00007ffac4f60000 - 0x00007ffac4f9b000 	C:\Windows\SYSTEM32\IPHLPAPI.DLL
0x00007ffac7e80000 - 0x00007ffac7e88000 	C:\Windows\System32\NSI.dll
0x00007ffab69f0000 - 0x00007ffab69fa000 	C:\Windows\System32\rasadhlp.dll
0x00007ffab88f0000 - 0x00007ffab896f000 	C:\Windows\System32\fwpuclnt.dll
0x00007ffac5c50000 - 0x00007ffac5c77000 	C:\Windows\System32\bcrypt.dll
0x00007ffabfc00000 - 0x00007ffabfc09000 	D:\work_imple\jdk11\bin\management.dll
0x00007ffabe090000 - 0x00007ffabe09c000 	D:\work_imple\jdk11\bin\management_ext.dll
0x00007ffac54c0000 - 0x00007ffac54d8000 	C:\Windows\SYSTEM32\CRYPTSP.dll
0x00007ffac4bc0000 - 0x00007ffac4bf4000 	C:\Windows\system32\rsaenh.dll
0x00007ffac5a00000 - 0x00007ffac5a2e000 	C:\Windows\SYSTEM32\USERENV.dll
0x00007ffac54e0000 - 0x00007ffac54ec000 	C:\Windows\SYSTEM32\CRYPTBASE.dll
0x00007ffabf120000 - 0x00007ffabf137000 	C:\Windows\SYSTEM32\dhcpcsvc6.DLL
0x00007ffabe9c0000 - 0x00007ffabe9dd000 	C:\Windows\SYSTEM32\dhcpcsvc.DLL
0x00007ffaa4fe0000 - 0x00007ffaa4ff7000 	C:\Windows\system32\napinsp.dll
0x00007ffaa3ed0000 - 0x00007ffaa3eeb000 	C:\Windows\system32\pnrpnsp.dll
0x00007ffac06a0000 - 0x00007ffac06b5000 	C:\Windows\system32\wshbth.dll
0x00007ffac10f0000 - 0x00007ffac110d000 	C:\Windows\system32\NLAapi.dll
0x00007ffaa3eb0000 - 0x00007ffaa3ec2000 	C:\Windows\System32\winrnr.dll

dbghelp: loaded successfully - version: 4.0.5 - missing functions: none
symbol engine: initialized successfully - sym options: 0x614 - pdb path: .;D:\work_imple\jdk11\bin;C:\Windows\SYSTEM32;C:\Windows\WinSxS\amd64_microsoft.windows.common-controls_6595b64144ccf1df_6.0.19041.1110_none_60b5254171f9507e;D:\work_imple\jdk11\bin\server;D:\Program Files\JetBrains\IntelliJ IDEA 2021.1.1\bin

VM Arguments:
jvm_args: -XX:TieredStopAtLevel=1 -Xverify:none -Dspring.output.ansi.enabled=always -javaagent:D:\Program Files\JetBrains\IntelliJ IDEA 2021.1.1\lib\idea_rt.jar=56666:D:\Program Files\JetBrains\IntelliJ IDEA 2021.1.1\bin -Dcom.sun.management.jmxremote -Dspring.jmx.enabled=true -Dspring.liveBeansView.mbeanDomain -Dspring.application.admin.enabled=true -Dfile.encoding=UTF-8 
java_command: com.qixuan.api.ApiApplication
java_class_path (initial): D:\svn_code\壳牌\api\target\classes;D:\svn_code\壳牌\common\target\classes;E:\mvku\eu\bitwalker\UserAgentUtils\1.20\UserAgentUtils-1.20.jar;E:\mvku\org\codehaus\groovy\groovy\3.0.8\groovy-3.0.8.jar;E:\mvku\com\github\xiaoymin\knife4j-spring-boot-starter\2.0.7\knife4j-spring-boot-starter-2.0.7.jar;E:\mvku\com\github\xiaoymin\knife4j-spring-boot-autoconfigure\2.0.7\knife4j-spring-boot-autoconfigure-2.0.7.jar;E:\mvku\com\github\xiaoymin\knife4j-spring\2.0.7\knife4j-spring-2.0.7.jar;E:\mvku\com\github\xiaoymin\knife4j-annotations\2.0.7\knife4j-annotations-2.0.7.jar;E:\mvku\com\github\xiaoymin\knife4j-core\2.0.7\knife4j-core-2.0.7.jar;E:\mvku\org\javassist\javassist\3.25.0-GA\javassist-3.25.0-GA.jar;E:\mvku\io\swagger\swagger-models\1.5.22\swagger-models-1.5.22.jar;E:\mvku\io\swagger\swagger-annotations\1.5.22\swagger-annotations-1.5.22.jar;E:\mvku\io\springfox\springfox-swagger2\2.10.5\springfox-swagger2-2.10.5.jar;E:\mvku\io\springfox\springfox-spi\2.10.5\springfox-spi-2.10.5.jar;E:\mvku\io\springfox\springfox-core\2.10.5\springfox-core-2.10.5.jar;E:\mvku\io\springfox\springfox-schema\2.10.5\springfox-schema-2.10.5.jar;E:\mvku\io\springfox\springfox-swagger-common\2.10.5\springfox-swagger-common-2.10.5.jar;E:\mvku\io\springfox\springfox-spring-web\2.10.5\springfox-spring-web-2.10.5.jar;E:\mvku\io\github\classgraph\classgraph\4.1.7\classgraph-4.1.7.jar;E:\mvku\org\springframework\plugin\spring-plugin-core\2.0.0.RELEASE\spring-plugin-core-2.0.0.RELEASE.jar;E:\mvku\org\springframework\plugin\spring-plugin-metadata\2.0.0.RELEASE\spring-plugin-metadata-2.0.0.RELEASE.jar;E:\mvku\org\mapstruct\mapstruct\1.3.1.Final\mapstruct-1.3.1.Final.jar;E:\mvku\io\springfox\springfox-bean-validators\2.10.5\springfox-bean-validators-2.10.5.jar;E:\mvku\io\springfox\springfox-spring-webmvc\2.10.5\springfox-spring-webmvc-2.10.5.jar;E:\mvku\com\github\xiaoymin\knife4j-spring-ui\2.0.7\knife4j-spring-ui-2.0.7.jar;E:\mvku\org\aspectj\aspectjweaver\1.9.6\aspectjweaver-
Launcher Type: SUN_STANDARD

[Global flags]
     bool BytecodeVerificationLocal                = false                                     {product} {command line}
     bool BytecodeVerificationRemote               = false                                     {product} {command line}
     intx CICompilerCount                          = 4                                         {product} {ergonomic}
     uint ConcGCThreads                            = 2                                         {product} {ergonomic}
     uint G1ConcRefinementThreads                  = 8                                         {product} {ergonomic}
   size_t G1HeapRegionSize                         = 1048576                                   {product} {ergonomic}
    uintx GCDrainStackTargetSize                   = 64                                        {product} {ergonomic}
   size_t InitialHeapSize                          = 266338304                                 {product} {ergonomic}
     bool ManagementServer                         = true                                      {product} {command line}
   size_t MarkStackSize                            = 4194304                                   {product} {ergonomic}
   size_t MaxHeapSize                              = 4248829952                                {product} {ergonomic}
   size_t MaxNewSize                               = 2549088256                                {product} {ergonomic}
   size_t MinHeapDeltaBytes                        = 1048576                                   {product} {ergonomic}
    uintx NonNMethodCodeHeapSize                   = 7549744                                {pd product} {ergonomic}
    uintx NonProfiledCodeHeapSize                  = 244108496                              {pd product} {ergonomic}
    uintx ProfiledCodeHeapSize                     = 0                                      {pd product} {ergonomic}
    uintx ReservedCodeCacheSize                    = 251658240                              {pd product} {ergonomic}
     bool SegmentedCodeCache                       = true                                      {product} {ergonomic}
     intx TieredStopAtLevel                        = 1                                         {product} {command line}
     bool UseCompressedClassPointers               = true                                 {lp64_product} {ergonomic}
     bool UseCompressedOops                        = true                                 {lp64_product} {ergonomic}
     bool UseG1GC                                  = true                                      {product} {ergonomic}
     bool UseLargePagesIndividualAllocation        = false                                  {pd product} {ergonomic}

Logging:
Log output configuration:
 #0: stdout all=warning uptime,level,tags
 #1: stderr all=off uptime,level,tags

Environment Variables:
JAVA_HOME=D:\work_imple\jdk-1.8
PATH=C:\Windows\system32;C:\Windows;C:\Windows\System32\Wbem;C:\Windows\System32\WindowsPowerShell\v1.0\;C:\Windows\System32\OpenSSH\;D:\Program Files\TortoiseSVN\bin;D:\Program Files\MongoDB\Server\4.2\bin;D:\work_imple\jdk-1.8\bin;D:\work_imple\node-v14.18.2-win-x64;C:\Program Files\Docker\Docker\resources\bin;C:\ProgramData\DockerDesktop\version-bin;D:\work_imple\Git\cmd;D:\work_imple\微信web开发者工具\dll;D:\work_imple\xftp\;D:\work_imple\python3.8.0\Scripts\;D:\work_imple\python3.8.0\;C:\Users\EDY\AppData\Local\Microsoft\WindowsApps;C:\Users\EDY\AppData\Roaming\npm;D:\Program Files\JetBrains\IntelliJ IDEA 2021.1.1\bin;;C:\Users\EDY\.dotnet\tools;D:\work_imple\Fiddler
USERNAME=EDY
OS=Windows_NT
PROCESSOR_IDENTIFIER=Intel64 Family 6 Model 142 Stepping 12, GenuineIntel



---------------  S Y S T E M  ---------------

OS: Windows 10 , 64 bit Build 19041 (10.0.19041.1466)

CPU:total 8 (initial active 8) (4 cores per cpu, 2 threads per core) family 6 model 142 stepping 12, cmov, cx8, fxsr, mmx, sse, sse2, sse3, ssse3, sse4.1, sse4.2, popcnt, avx, avx2, aes, clmul, erms, 3dnowpref, lzcnt, ht, tsc, tscinvbit, bmi1, bmi2, adx, fma

Memory: 4k page, system-wide physical 16206M (2570M free)
TotalPageFile size 31454M (AvailPageFile size 46M)
current process WorkingSet (physical memory assigned to process): 270M, peak: 271M
current process commit charge ("private bytes"): 412M, peak: 463M

vm_info: Java HotSpot(TM) 64-Bit Server VM (11.0.6+8-LTS) for windows-amd64 JRE (11.0.6+8-LTS), built on Dec 11 2019 09:17:57 by "mach5one" with MS VC++ 15.5 (VS2017)

END.
